================================================================================
JavaScript Crawl Logs - User: 100008068268130
Generated: 2025-11-02 14:28:37
================================================================================

[2025-11-02T07:28:31.668Z] Starting iteration 1/5
{
  "scroll_position": 1000
}
--------------------------------------------------------------------------------
[2025-11-02T07:28:31.714Z] Name extracted: Joseph Akaravong
{
  "a_el_info": {
    "className": "x1i10hfl xjbqb8w x1ejq31n x18oe1m7 x1sy0etr xstzfhl x972fbf x10w94by x1qhh985 x14e42zd x9f619 x1ypdohk xt0psk2 x3ct3a4 xdj266r x14z9mp xat24cr x1lziwak xexx8yu xyri2b x18d9i69 x1c1uobl x16tdsg8 x1hl2dhg xggy1nq x1a2a7pz x1heor9g xkrqix3 x1sur9pj x1s688f",
    "href": "https://web.facebook.com/permalink.php?story_fbid=pfbid0XjK48rdjR1F7UjdXE7c6hWrE9h3dNtETHuiUYeDUChL4As3iZPjj7QUQzZQE55pvl&id=100008068268130&__cft__[0]=AZVai5vgty9ioWlB4xdyEnc2ixUvq_GPXbiCxsMFsXQNPf4ycjuvIboBErMtFJdYcFZEGBbtFbalWsllRc6kRadEuoThxOirV4HN7XEPiztWOQesGjrEj1wz97FPhFkf_3BesVHkTW5O46YfkN-871UiFAGEPsvPtH1t4g7eeas3wCXw_mElM_yxW1k0yThoQIc&__tn__=%2CO%2CP-R",
    "id": "",
    "innerText": "1h",
    "outerHTML": "<a aria-label=\"1h\" attributionsrc=\"/privacy_sandbox/comet/register/source/?xt=AZUJLLDOaz-5CQs7DY5kQlzV1y3MKBeeiCpkCpbopg4EafveVD6EMkaQPJzybEcHV58IUp5Kk14MjrMihxFVwsLrkrHvAA9e4T1YSw_iRkGhvfuwThdJfViaRS",
    "tagName": "A"
  },
  "link_href": "https://web.facebook.com/permalink.php?story_fbid=pfbid0XjK48rdjR1F7UjdXE7c6hWrE9h3dNtETHuiUYeDUChL4As3iZPjj7QUQzZQE55pvl&id=100008068268130",
  "link_id": "pfbid0XjK48rdjR1F7UjdXE7c6hWrE9h3dNtETHuiUYeDUChL4As3iZPjj7QUQzZQE55pvl",
  "link_type": "posts_old",
  "name": "Joseph Akaravong"
}
--------------------------------------------------------------------------------
[2025-11-02T07:28:31.716Z] Name extracted: Joseph Akaravong
{
  "a_el_info": {
    "className": "x1i10hfl xjbqb8w x1ejq31n x18oe1m7 x1sy0etr xstzfhl x972fbf x10w94by x1qhh985 x14e42zd x9f619 x1ypdohk xt0psk2 x3ct3a4 xdj266r x14z9mp xat24cr x1lziwak xexx8yu xyri2b x18d9i69 x1c1uobl x16tdsg8 x1hl2dhg xggy1nq x1a2a7pz xkrqix3 x1sur9pj xi81zsa x1s688f",
    "href": "https://web.facebook.com/permalink.php?story_fbid=pfbid0XjK48rdjR1F7UjdXE7c6hWrE9h3dNtETHuiUYeDUChL4As3iZPjj7QUQzZQE55pvl&id=100008068268130&comment_id=756544917442784&__cft__[0]=AZVai5vgty9ioWlB4xdyEnc2ixUvq_GPXbiCxsMFsXQNPf4ycjuvIboBErMtFJdYcFZEGBbtFbalWsllRc6kRadEuoThxOirV4HN7XEPiztWOQesGjrEj1wz97FPhFkf_3BesVHkTW5O46YfkN-871UiFAGEPsvPtH1t4g7eeas3wCXw_mElM_yxW1k0yThoQIc&__tn__=R-R",
    "id": "",
    "innerText": "1h",
    "outerHTML": "<a attributionsrc=\"/privacy_sandbox/comet/register/source/?xt=AZUJLLDOaz-5CQs7DY5kQlzV1y3MKBeeiCpkCpbopg4EafveVD6EMkaQPJzybEcHV58IUp5Kk14MjrMihxFVwsLrkrHvAA9e4T1YSw_iRkGhvfuwThdJfViaRS42VpwMUu5W33j7yN",
    "tagName": "A"
  },
  "link_href": "https://web.facebook.com/permalink.php?story_fbid=pfbid0XjK48rdjR1F7UjdXE7c6hWrE9h3dNtETHuiUYeDUChL4As3iZPjj7QUQzZQE55pvl&id=100008068268130",
  "link_id": "pfbid0XjK48rdjR1F7UjdXE7c6hWrE9h3dNtETHuiUYeDUChL4As3iZPjj7QUQzZQE55pvl",
  "link_type": "posts_old",
  "name": "Joseph Akaravong"
}
--------------------------------------------------------------------------------
[2025-11-02T07:28:31.750Z] Iteration 1 completed
{
  "links_found": 1,
  "total_links_so_far": 1
}
--------------------------------------------------------------------------------
[2025-11-02T07:28:32.761Z] Starting iteration 2/5
{
  "scroll_position": 1500
}
--------------------------------------------------------------------------------
[2025-11-02T07:28:32.779Z] Name extracted: Joseph Akaravong
{
  "a_el_info": {
    "className": "x1i10hfl xjbqb8w x1ejq31n x18oe1m7 x1sy0etr xstzfhl x972fbf x10w94by x1qhh985 x14e42zd x9f619 x1ypdohk xt0psk2 x3ct3a4 xdj266r x14z9mp xat24cr x1lziwak xexx8yu xyri2b x18d9i69 x1c1uobl x16tdsg8 x1hl2dhg xggy1nq x1a2a7pz x1heor9g xkrqix3 x1sur9pj x1s688f",
    "href": "https://web.facebook.com/permalink.php?story_fbid=pfbid0XjK48rdjR1F7UjdXE7c6hWrE9h3dNtETHuiUYeDUChL4As3iZPjj7QUQzZQE55pvl&id=100008068268130&__cft__[0]=AZVai5vgty9ioWlB4xdyEnc2ixUvq_GPXbiCxsMFsXQNPf4ycjuvIboBErMtFJdYcFZEGBbtFbalWsllRc6kRadEuoThxOirV4HN7XEPiztWOQesGjrEj1wz97FPhFkf_3BesVHkTW5O46YfkN-871UiFAGEPsvPtH1t4g7eeas3wCXw_mElM_yxW1k0yThoQIc&__tn__=%2CO%2CP-R",
    "id": "",
    "innerText": "1h",
    "outerHTML": "<a aria-label=\"1h\" attributionsrc=\"/privacy_sandbox/comet/register/source/?xt=AZUJLLDOaz-5CQs7DY5kQlzV1y3MKBeeiCpkCpbopg4EafveVD6EMkaQPJzybEcHV58IUp5Kk14MjrMihxFVwsLrkrHvAA9e4T1YSw_iRkGhvfuwThdJfViaRS",
    "tagName": "A"
  },
  "link_href": "https://web.facebook.com/permalink.php?story_fbid=pfbid0XjK48rdjR1F7UjdXE7c6hWrE9h3dNtETHuiUYeDUChL4As3iZPjj7QUQzZQE55pvl&id=100008068268130",
  "link_id": "pfbid0XjK48rdjR1F7UjdXE7c6hWrE9h3dNtETHuiUYeDUChL4As3iZPjj7QUQzZQE55pvl",
  "link_type": "posts_old",
  "name": "Joseph Akaravong"
}
--------------------------------------------------------------------------------
[2025-11-02T07:28:32.780Z] Name extracted: Joseph Akaravong
{
  "a_el_info": {
    "className": "x1i10hfl xjbqb8w x1ejq31n x18oe1m7 x1sy0etr xstzfhl x972fbf x10w94by x1qhh985 x14e42zd x9f619 x1ypdohk xt0psk2 x3ct3a4 xdj266r x14z9mp xat24cr x1lziwak xexx8yu xyri2b x18d9i69 x1c1uobl x16tdsg8 x1hl2dhg xggy1nq x1a2a7pz xkrqix3 x1sur9pj xi81zsa x1s688f",
    "href": "https://web.facebook.com/permalink.php?story_fbid=pfbid0XjK48rdjR1F7UjdXE7c6hWrE9h3dNtETHuiUYeDUChL4As3iZPjj7QUQzZQE55pvl&id=100008068268130&comment_id=756544917442784&__cft__[0]=AZVai5vgty9ioWlB4xdyEnc2ixUvq_GPXbiCxsMFsXQNPf4ycjuvIboBErMtFJdYcFZEGBbtFbalWsllRc6kRadEuoThxOirV4HN7XEPiztWOQesGjrEj1wz97FPhFkf_3BesVHkTW5O46YfkN-871UiFAGEPsvPtH1t4g7eeas3wCXw_mElM_yxW1k0yThoQIc&__tn__=R-R",
    "id": "",
    "innerText": "1h",
    "outerHTML": "<a attributionsrc=\"/privacy_sandbox/comet/register/source/?xt=AZUJLLDOaz-5CQs7DY5kQlzV1y3MKBeeiCpkCpbopg4EafveVD6EMkaQPJzybEcHV58IUp5Kk14MjrMihxFVwsLrkrHvAA9e4T1YSw_iRkGhvfuwThdJfViaRS42VpwMUu5W33j7yN",
    "tagName": "A"
  },
  "link_href": "https://web.facebook.com/permalink.php?story_fbid=pfbid0XjK48rdjR1F7UjdXE7c6hWrE9h3dNtETHuiUYeDUChL4As3iZPjj7QUQzZQE55pvl&id=100008068268130",
  "link_id": "pfbid0XjK48rdjR1F7UjdXE7c6hWrE9h3dNtETHuiUYeDUChL4As3iZPjj7QUQzZQE55pvl",
  "link_type": "posts_old",
  "name": "Joseph Akaravong"
}
--------------------------------------------------------------------------------
[2025-11-02T07:28:32.809Z] Iteration 2 completed
{
  "links_found": 1,
  "total_links_so_far": 1
}
--------------------------------------------------------------------------------
[2025-11-02T07:28:33.822Z] Starting iteration 3/5
{
  "scroll_position": 2000
}
--------------------------------------------------------------------------------
[2025-11-02T07:28:33.841Z] Name extracted: Joseph Akaravong
{
  "a_el_info": {
    "className": "x1i10hfl xjbqb8w x1ejq31n x18oe1m7 x1sy0etr xstzfhl x972fbf x10w94by x1qhh985 x14e42zd x9f619 x1ypdohk xt0psk2 x3ct3a4 xdj266r x14z9mp xat24cr x1lziwak xexx8yu xyri2b x18d9i69 x1c1uobl x16tdsg8 x1hl2dhg xggy1nq x1a2a7pz x1heor9g xkrqix3 x1sur9pj x1s688f",
    "href": "https://web.facebook.com/permalink.php?story_fbid=pfbid0XjK48rdjR1F7UjdXE7c6hWrE9h3dNtETHuiUYeDUChL4As3iZPjj7QUQzZQE55pvl&id=100008068268130&__cft__[0]=AZVai5vgty9ioWlB4xdyEnc2ixUvq_GPXbiCxsMFsXQNPf4ycjuvIboBErMtFJdYcFZEGBbtFbalWsllRc6kRadEuoThxOirV4HN7XEPiztWOQesGjrEj1wz97FPhFkf_3BesVHkTW5O46YfkN-871UiFAGEPsvPtH1t4g7eeas3wCXw_mElM_yxW1k0yThoQIc&__tn__=%2CO%2CP-R",
    "id": "",
    "innerText": "1h",
    "outerHTML": "<a aria-label=\"1h\" attributionsrc=\"/privacy_sandbox/comet/register/source/?xt=AZUJLLDOaz-5CQs7DY5kQlzV1y3MKBeeiCpkCpbopg4EafveVD6EMkaQPJzybEcHV58IUp5Kk14MjrMihxFVwsLrkrHvAA9e4T1YSw_iRkGhvfuwThdJfViaRS",
    "tagName": "A"
  },
  "link_href": "https://web.facebook.com/permalink.php?story_fbid=pfbid0XjK48rdjR1F7UjdXE7c6hWrE9h3dNtETHuiUYeDUChL4As3iZPjj7QUQzZQE55pvl&id=100008068268130",
  "link_id": "pfbid0XjK48rdjR1F7UjdXE7c6hWrE9h3dNtETHuiUYeDUChL4As3iZPjj7QUQzZQE55pvl",
  "link_type": "posts_old",
  "name": "Joseph Akaravong"
}
--------------------------------------------------------------------------------
[2025-11-02T07:28:33.843Z] Name extracted: Joseph Akaravong
{
  "a_el_info": {
    "className": "x1i10hfl xjbqb8w x1ejq31n x18oe1m7 x1sy0etr xstzfhl x972fbf x10w94by x1qhh985 x14e42zd x9f619 x1ypdohk xt0psk2 x3ct3a4 xdj266r x14z9mp xat24cr x1lziwak xexx8yu xyri2b x18d9i69 x1c1uobl x16tdsg8 x1hl2dhg xggy1nq x1a2a7pz xkrqix3 x1sur9pj xi81zsa x1s688f",
    "href": "https://web.facebook.com/permalink.php?story_fbid=pfbid0XjK48rdjR1F7UjdXE7c6hWrE9h3dNtETHuiUYeDUChL4As3iZPjj7QUQzZQE55pvl&id=100008068268130&comment_id=756544917442784&__cft__[0]=AZVai5vgty9ioWlB4xdyEnc2ixUvq_GPXbiCxsMFsXQNPf4ycjuvIboBErMtFJdYcFZEGBbtFbalWsllRc6kRadEuoThxOirV4HN7XEPiztWOQesGjrEj1wz97FPhFkf_3BesVHkTW5O46YfkN-871UiFAGEPsvPtH1t4g7eeas3wCXw_mElM_yxW1k0yThoQIc&__tn__=R-R",
    "id": "",
    "innerText": "1h",
    "outerHTML": "<a attributionsrc=\"/privacy_sandbox/comet/register/source/?xt=AZUJLLDOaz-5CQs7DY5kQlzV1y3MKBeeiCpkCpbopg4EafveVD6EMkaQPJzybEcHV58IUp5Kk14MjrMihxFVwsLrkrHvAA9e4T1YSw_iRkGhvfuwThdJfViaRS42VpwMUu5W33j7yN",
    "tagName": "A"
  },
  "link_href": "https://web.facebook.com/permalink.php?story_fbid=pfbid0XjK48rdjR1F7UjdXE7c6hWrE9h3dNtETHuiUYeDUChL4As3iZPjj7QUQzZQE55pvl&id=100008068268130",
  "link_id": "pfbid0XjK48rdjR1F7UjdXE7c6hWrE9h3dNtETHuiUYeDUChL4As3iZPjj7QUQzZQE55pvl",
  "link_type": "posts_old",
  "name": "Joseph Akaravong"
}
--------------------------------------------------------------------------------
[2025-11-02T07:28:33.868Z] Iteration 3 completed
{
  "links_found": 1,
  "total_links_so_far": 1
}
--------------------------------------------------------------------------------
[2025-11-02T07:28:34.882Z] Starting iteration 4/5
{
  "scroll_position": 2500
}
--------------------------------------------------------------------------------
[2025-11-02T07:28:34.898Z] Name extracted: Joseph Akaravong
{
  "a_el_info": {
    "className": "x1i10hfl xjbqb8w x1ejq31n x18oe1m7 x1sy0etr xstzfhl x972fbf x10w94by x1qhh985 x14e42zd x9f619 x1ypdohk xt0psk2 x3ct3a4 xdj266r x14z9mp xat24cr x1lziwak xexx8yu xyri2b x18d9i69 x1c1uobl x16tdsg8 x1hl2dhg xggy1nq x1a2a7pz x1heor9g xkrqix3 x1sur9pj x1s688f",
    "href": "https://web.facebook.com/permalink.php?story_fbid=pfbid0XjK48rdjR1F7UjdXE7c6hWrE9h3dNtETHuiUYeDUChL4As3iZPjj7QUQzZQE55pvl&id=100008068268130&__cft__[0]=AZVai5vgty9ioWlB4xdyEnc2ixUvq_GPXbiCxsMFsXQNPf4ycjuvIboBErMtFJdYcFZEGBbtFbalWsllRc6kRadEuoThxOirV4HN7XEPiztWOQesGjrEj1wz97FPhFkf_3BesVHkTW5O46YfkN-871UiFAGEPsvPtH1t4g7eeas3wCXw_mElM_yxW1k0yThoQIc&__tn__=%2CO%2CP-R",
    "id": "",
    "innerText": "1h",
    "outerHTML": "<a aria-label=\"1h\" attributionsrc=\"/privacy_sandbox/comet/register/source/?xt=AZUJLLDOaz-5CQs7DY5kQlzV1y3MKBeeiCpkCpbopg4EafveVD6EMkaQPJzybEcHV58IUp5Kk14MjrMihxFVwsLrkrHvAA9e4T1YSw_iRkGhvfuwThdJfViaRS",
    "tagName": "A"
  },
  "link_href": "https://web.facebook.com/permalink.php?story_fbid=pfbid0XjK48rdjR1F7UjdXE7c6hWrE9h3dNtETHuiUYeDUChL4As3iZPjj7QUQzZQE55pvl&id=100008068268130",
  "link_id": "pfbid0XjK48rdjR1F7UjdXE7c6hWrE9h3dNtETHuiUYeDUChL4As3iZPjj7QUQzZQE55pvl",
  "link_type": "posts_old",
  "name": "Joseph Akaravong"
}
--------------------------------------------------------------------------------
[2025-11-02T07:28:34.901Z] Name extracted: Joseph Akaravong
{
  "a_el_info": {
    "className": "x1i10hfl xjbqb8w x1ejq31n x18oe1m7 x1sy0etr xstzfhl x972fbf x10w94by x1qhh985 x14e42zd x9f619 x1ypdohk xt0psk2 x3ct3a4 xdj266r x14z9mp xat24cr x1lziwak xexx8yu xyri2b x18d9i69 x1c1uobl x16tdsg8 x1hl2dhg xggy1nq x1a2a7pz xkrqix3 x1sur9pj xi81zsa x1s688f",
    "href": "https://web.facebook.com/permalink.php?story_fbid=pfbid0XjK48rdjR1F7UjdXE7c6hWrE9h3dNtETHuiUYeDUChL4As3iZPjj7QUQzZQE55pvl&id=100008068268130&comment_id=756544917442784&__cft__[0]=AZVai5vgty9ioWlB4xdyEnc2ixUvq_GPXbiCxsMFsXQNPf4ycjuvIboBErMtFJdYcFZEGBbtFbalWsllRc6kRadEuoThxOirV4HN7XEPiztWOQesGjrEj1wz97FPhFkf_3BesVHkTW5O46YfkN-871UiFAGEPsvPtH1t4g7eeas3wCXw_mElM_yxW1k0yThoQIc&__tn__=R-R",
    "id": "",
    "innerText": "1h",
    "outerHTML": "<a attributionsrc=\"/privacy_sandbox/comet/register/source/?xt=AZUJLLDOaz-5CQs7DY5kQlzV1y3MKBeeiCpkCpbopg4EafveVD6EMkaQPJzybEcHV58IUp5Kk14MjrMihxFVwsLrkrHvAA9e4T1YSw_iRkGhvfuwThdJfViaRS42VpwMUu5W33j7yN",
    "tagName": "A"
  },
  "link_href": "https://web.facebook.com/permalink.php?story_fbid=pfbid0XjK48rdjR1F7UjdXE7c6hWrE9h3dNtETHuiUYeDUChL4As3iZPjj7QUQzZQE55pvl&id=100008068268130",
  "link_id": "pfbid0XjK48rdjR1F7UjdXE7c6hWrE9h3dNtETHuiUYeDUChL4As3iZPjj7QUQzZQE55pvl",
  "link_type": "posts_old",
  "name": "Joseph Akaravong"
}
--------------------------------------------------------------------------------
[2025-11-02T07:28:34.926Z] Iteration 4 completed
{
  "links_found": 1,
  "total_links_so_far": 1
}
--------------------------------------------------------------------------------
[2025-11-02T07:28:35.939Z] Starting iteration 5/5
{
  "scroll_position": 3000
}
--------------------------------------------------------------------------------
[2025-11-02T07:28:35.958Z] Name extracted: Joseph Akaravong
{
  "a_el_info": {
    "className": "x1i10hfl xjbqb8w x1ejq31n x18oe1m7 x1sy0etr xstzfhl x972fbf x10w94by x1qhh985 x14e42zd x9f619 x1ypdohk xt0psk2 x3ct3a4 xdj266r x14z9mp xat24cr x1lziwak xexx8yu xyri2b x18d9i69 x1c1uobl x16tdsg8 x1hl2dhg xggy1nq x1a2a7pz x1heor9g xkrqix3 x1sur9pj x1s688f",
    "href": "https://web.facebook.com/permalink.php?story_fbid=pfbid0XjK48rdjR1F7UjdXE7c6hWrE9h3dNtETHuiUYeDUChL4As3iZPjj7QUQzZQE55pvl&id=100008068268130&__cft__[0]=AZVai5vgty9ioWlB4xdyEnc2ixUvq_GPXbiCxsMFsXQNPf4ycjuvIboBErMtFJdYcFZEGBbtFbalWsllRc6kRadEuoThxOirV4HN7XEPiztWOQesGjrEj1wz97FPhFkf_3BesVHkTW5O46YfkN-871UiFAGEPsvPtH1t4g7eeas3wCXw_mElM_yxW1k0yThoQIc&__tn__=%2CO%2CP-R",
    "id": "",
    "innerText": "1h",
    "outerHTML": "<a aria-label=\"1h\" attributionsrc=\"/privacy_sandbox/comet/register/source/?xt=AZUJLLDOaz-5CQs7DY5kQlzV1y3MKBeeiCpkCpbopg4EafveVD6EMkaQPJzybEcHV58IUp5Kk14MjrMihxFVwsLrkrHvAA9e4T1YSw_iRkGhvfuwThdJfViaRS",
    "tagName": "A"
  },
  "link_href": "https://web.facebook.com/permalink.php?story_fbid=pfbid0XjK48rdjR1F7UjdXE7c6hWrE9h3dNtETHuiUYeDUChL4As3iZPjj7QUQzZQE55pvl&id=100008068268130",
  "link_id": "pfbid0XjK48rdjR1F7UjdXE7c6hWrE9h3dNtETHuiUYeDUChL4As3iZPjj7QUQzZQE55pvl",
  "link_type": "posts_old",
  "name": "Joseph Akaravong"
}
--------------------------------------------------------------------------------
[2025-11-02T07:28:35.960Z] Name extracted: Joseph Akaravong
{
  "a_el_info": {
    "className": "x1i10hfl xjbqb8w x1ejq31n x18oe1m7 x1sy0etr xstzfhl x972fbf x10w94by x1qhh985 x14e42zd x9f619 x1ypdohk xt0psk2 x3ct3a4 xdj266r x14z9mp xat24cr x1lziwak xexx8yu xyri2b x18d9i69 x1c1uobl x16tdsg8 x1hl2dhg xggy1nq x1a2a7pz xkrqix3 x1sur9pj xi81zsa x1s688f",
    "href": "https://web.facebook.com/permalink.php?story_fbid=pfbid0XjK48rdjR1F7UjdXE7c6hWrE9h3dNtETHuiUYeDUChL4As3iZPjj7QUQzZQE55pvl&id=100008068268130&comment_id=756544917442784&__cft__[0]=AZVai5vgty9ioWlB4xdyEnc2ixUvq_GPXbiCxsMFsXQNPf4ycjuvIboBErMtFJdYcFZEGBbtFbalWsllRc6kRadEuoThxOirV4HN7XEPiztWOQesGjrEj1wz97FPhFkf_3BesVHkTW5O46YfkN-871UiFAGEPsvPtH1t4g7eeas3wCXw_mElM_yxW1k0yThoQIc&__tn__=R-R",
    "id": "",
    "innerText": "1h",
    "outerHTML": "<a attributionsrc=\"/privacy_sandbox/comet/register/source/?xt=AZUJLLDOaz-5CQs7DY5kQlzV1y3MKBeeiCpkCpbopg4EafveVD6EMkaQPJzybEcHV58IUp5Kk14MjrMihxFVwsLrkrHvAA9e4T1YSw_iRkGhvfuwThdJfViaRS42VpwMUu5W33j7yN",
    "tagName": "A"
  },
  "link_href": "https://web.facebook.com/permalink.php?story_fbid=pfbid0XjK48rdjR1F7UjdXE7c6hWrE9h3dNtETHuiUYeDUChL4As3iZPjj7QUQzZQE55pvl&id=100008068268130",
  "link_id": "pfbid0XjK48rdjR1F7UjdXE7c6hWrE9h3dNtETHuiUYeDUChL4As3iZPjj7QUQzZQE55pvl",
  "link_type": "posts_old",
  "name": "Joseph Akaravong"
}
--------------------------------------------------------------------------------
[2025-11-02T07:28:35.983Z] Iteration 5 completed
{
  "links_found": 1,
  "total_links_so_far": 1
}
--------------------------------------------------------------------------------
[2025-11-02T07:28:36.996Z] Scraping completed
{
  "total_links": 1
}
--------------------------------------------------------------------------------
