2025-11-02 14:28:10,592 - __main__ - INFO - Starting main
2025-11-02 14:28:10,592 - __main__ - INFO - Log files will be saved to: D:\fb_crawler\logs
2025-11-02 14:28:10,593 - db - INFO - Initializing database
2025-11-02 14:28:10,594 - db - INFO - Database initialized with users and posts tables.
2025-11-02 14:28:10,594 - __main__ - INFO - Preparing browser
2025-11-02 14:28:13,040 - __main__ - INFO - Browser opened
2025-11-02 14:28:13,518 - __main__ - INFO - Opened 3 tabs
2025-11-02 14:28:13,518 - __main__ - INFO - Browser prepared
2025-11-02 14:28:13,518 - __main__ - INFO - Logging in to Facebook
2025-11-02 14:28:24,416 - __main__ - INFO - Logged in to Facebook
2025-11-02 14:28:24,417 - __main__ - INFO - Processing links
2025-11-02 14:28:24,418 - __main__ - INFO - Processing links done, found 2 distinct users
2025-11-02 14:28:24,420 - __main__ - INFO - Processing link segment for 2 users
2025-11-02 14:28:31,620 - __main__ - INFO - Parsing user profile 100008068268130
2025-11-02 14:28:37,006 - __main__ - INFO - Saved JavaScript logs to logs\js_crawl_100008068268130_20251102_142837.log
2025-11-02 14:28:37,007 - __main__ - INFO - Received 21 log entries from JavaScript for user 100008068268130
2025-11-02 14:28:47,071 - __main__ - INFO - Parsing user profile 100069511484329
2025-11-02 14:28:52,447 - __main__ - INFO - Saved JavaScript logs to logs\js_crawl_100069511484329_20251102_142852.log
2025-11-02 14:28:52,448 - __main__ - INFO - Received 21 log entries from JavaScript for user 100069511484329
2025-11-02 14:29:02,449 - __main__ - INFO - Sleeping for 81 seconds
